2021-02-09 21:43:00.722  INFO 3121 --- [restartedMain] c.k.libraryapi.LibraryApiApplication     : Starting LibraryApiApplication using Java 1.8.0_251 on users-MBP with PID 3121 (/Users/user/Downloads/library-api/target/classes started by user in /Users/user/Downloads/library-api)
2021-02-09 21:43:00.723  INFO 3121 --- [restartedMain] c.k.libraryapi.LibraryApiApplication     : No active profile set, falling back to default profiles: default
2021-02-09 21:43:01.364  INFO 3121 --- [restartedMain] .s.d.r.c.RepositoryConfigurationDelegate : Bootstrapping Spring Data JPA repositories in DEFAULT mode.
2021-02-09 21:43:01.389  INFO 3121 --- [restartedMain] .s.d.r.c.RepositoryConfigurationDelegate : Finished Spring Data repository scanning in 22 ms. Found 2 JPA repository interfaces.
2021-02-09 21:43:01.608  INFO 3121 --- [restartedMain] o.s.b.w.embedded.tomcat.TomcatWebServer  : Tomcat initialized with port(s): 8080 (http)
2021-02-09 21:43:01.610  INFO 3121 --- [restartedMain] o.apache.catalina.core.StandardService   : Starting service [Tomcat]
2021-02-09 21:43:01.614  INFO 3121 --- [restartedMain] org.apache.catalina.core.StandardEngine  : Starting Servlet engine: [Apache Tomcat/9.0.41]
2021-02-09 21:43:01.626  INFO 3121 --- [restartedMain] o.a.c.c.C.[Tomcat].[localhost].[/]       : Initializing Spring embedded WebApplicationContext
2021-02-09 21:43:01.626  INFO 3121 --- [restartedMain] w.s.c.ServletWebServerApplicationContext : Root WebApplicationContext: initialization completed in 895 ms
2021-02-09 21:43:01.692  INFO 3121 --- [restartedMain] com.zaxxer.hikari.HikariDataSource       : HikariPool-2 - Starting...
2021-02-09 21:43:01.695  INFO 3121 --- [restartedMain] com.zaxxer.hikari.HikariDataSource       : HikariPool-2 - Start completed.
2021-02-09 21:43:01.695  INFO 3121 --- [restartedMain] o.s.b.a.h2.H2ConsoleAutoConfiguration    : H2 console available at '/h2-console'. Database available at 'jdbc:h2:mem:18805ae0-de1c-4163-a67c-745119bcc369'
2021-02-09 21:43:01.791  INFO 3121 --- [restartedMain] o.hibernate.jpa.internal.util.LogHelper  : HHH000204: Processing PersistenceUnitInfo [name: default]
2021-02-09 21:43:01.799  INFO 3121 --- [restartedMain] org.hibernate.dialect.Dialect            : HHH000400: Using dialect: org.hibernate.dialect.H2Dialect
2021-02-09 21:43:01.905  INFO 3121 --- [restartedMain] o.h.e.t.j.p.i.JtaPlatformInitiator       : HHH000490: Using JtaPlatform implementation: [org.hibernate.engine.transaction.jta.platform.internal.NoJtaPlatform]
2021-02-09 21:43:01.909  INFO 3121 --- [restartedMain] j.LocalContainerEntityManagerFactoryBean : Initialized JPA EntityManagerFactory for persistence unit 'default'
2021-02-09 21:43:01.919  INFO 3121 --- [restartedMain] o.s.b.d.a.OptionalLiveReloadServer       : LiveReload server is running on port 35729
2021-02-09 21:43:02.313  WARN 3121 --- [restartedMain] JpaBaseConfiguration$JpaWebConfiguration : spring.jpa.open-in-view is enabled by default. Therefore, database queries may be performed during view rendering. Explicitly configure spring.jpa.open-in-view to disable this warning
2021-02-09 21:43:02.501  INFO 3121 --- [restartedMain] o.s.b.a.e.web.EndpointLinksResolver      : Exposing 14 endpoint(s) beneath base path '/actuator'
2021-02-09 21:43:02.631  INFO 3121 --- [restartedMain] o.s.s.concurrent.ThreadPoolTaskExecutor  : Initializing ExecutorService 'applicationTaskExecutor'
2021-02-09 21:43:02.727  INFO 3121 --- [restartedMain] o.s.s.c.ThreadPoolTaskScheduler          : Initializing ExecutorService 'taskScheduler'
2021-02-09 21:43:02.767  INFO 3121 --- [restartedMain] o.s.b.w.embedded.tomcat.TomcatWebServer  : Tomcat started on port(s): 8080 (http) with context path ''
2021-02-09 21:43:02.768  INFO 3121 --- [restartedMain] d.s.w.p.DocumentationPluginsBootstrapper : Context refreshed
2021-02-09 21:43:02.770  INFO 3121 --- [restartedMain] d.s.w.p.DocumentationPluginsBootstrapper : Found 1 custom documentation plugin(s)
2021-02-09 21:43:02.775  INFO 3121 --- [restartedMain] s.d.s.w.s.ApiListingReferenceScanner     : Scanning for api listing references
2021-02-09 21:43:02.904  INFO 3121 --- [restartedMain] .d.s.w.r.o.CachingOperationNameGenerator : Generating unique operation named: createUsingPOST_1
2021-02-09 21:43:02.928  INFO 3121 --- [restartedMain] .d.s.w.r.o.CachingOperationNameGenerator : Generating unique operation named: findUsingGET_1
2021-02-09 21:43:02.963  INFO 3121 --- [restartedMain] c.k.libraryapi.LibraryApiApplication     : Started LibraryApiApplication in 2.417 seconds (JVM running for 121.366)
2021-02-09 21:43:02.972  INFO 3121 --- [restartedMain] .ConditionEvaluationDeltaLoggingListener : Condition evaluation delta:


==========================
CONDITION EVALUATION DELTA
==========================


Positive matches:
-----------------

   LogFileWebEndpointAutoConfiguration#logFileWebEndpoint matched:
      - Log File found logging.file.name appfile.log (LogFileWebEndpointAutoConfiguration.LogFileCondition)
      - @ConditionalOnMissingBean (types: org.springframework.boot.actuate.logging.LogFileWebEndpoint; SearchStrategy: all) did not find any beans (OnBeanCondition)


Negative matches:
-----------------

    None


Exclusions:
-----------

    None


Unconditional classes:
----------------------

    None



2021-02-09 21:43:35.179  INFO 3121 --- [http-nio-8080-exec-1] o.a.c.c.C.[Tomcat].[localhost].[/]       : Initializing Spring DispatcherServlet 'dispatcherServlet'
2021-02-09 21:43:35.180  INFO 3121 --- [http-nio-8080-exec-1] o.s.web.servlet.DispatcherServlet        : Initializing Servlet 'dispatcherServlet'
2021-02-09 21:43:35.183  INFO 3121 --- [http-nio-8080-exec-1] o.s.web.servlet.DispatcherServlet        : Completed initialization in 3 ms
2021-02-09 21:44:57.465  INFO 3121 --- [Thread-9] o.s.s.c.ThreadPoolTaskScheduler          : Shutting down ExecutorService 'taskScheduler'
2021-02-09 21:44:57.467  INFO 3121 --- [Thread-9] o.s.s.concurrent.ThreadPoolTaskExecutor  : Shutting down ExecutorService 'applicationTaskExecutor'
2021-02-09 21:44:57.470  INFO 3121 --- [Thread-9] j.LocalContainerEntityManagerFactoryBean : Closing JPA EntityManagerFactory for persistence unit 'default'
2021-02-09 21:44:57.471  INFO 3121 --- [Thread-9] .SchemaDropperImpl$DelayedDropActionImpl : HHH000477: Starting delayed evictData of schema as part of SessionFactory shut-down'
2021-02-09 21:44:57.680  WARN 3121 --- [Thread-9] o.s.b.f.support.DisposableBeanAdapter    : Invocation of destroy method failed on bean with name 'inMemoryDatabaseShutdownExecutor': org.h2.jdbc.JdbcSQLNonTransientConnectionException: Database is already closed (to disable automatic closing at VM shutdown, add ";DB_CLOSE_ON_EXIT=FALSE" to the db URL) [90121-200]
2021-02-09 21:44:57.681  INFO 3121 --- [Thread-9] com.zaxxer.hikari.HikariDataSource       : HikariPool-2 - Shutdown initiated...
2021-02-09 21:44:57.688  INFO 3121 --- [Thread-9] com.zaxxer.hikari.HikariDataSource       : HikariPool-2 - Shutdown completed.
2021-02-09 21:44:58.105  INFO 3121 --- [restartedMain] c.k.libraryapi.LibraryApiApplication     : Starting LibraryApiApplication using Java 1.8.0_251 on users-MBP with PID 3121 (/Users/user/Downloads/library-api/target/classes started by user in /Users/user/Downloads/library-api)
2021-02-09 21:44:58.106  INFO 3121 --- [restartedMain] c.k.libraryapi.LibraryApiApplication     : No active profile set, falling back to default profiles: default
2021-02-09 21:44:58.938  INFO 3121 --- [restartedMain] .s.d.r.c.RepositoryConfigurationDelegate : Bootstrapping Spring Data JPA repositories in DEFAULT mode.
2021-02-09 21:44:58.970  INFO 3121 --- [restartedMain] .s.d.r.c.RepositoryConfigurationDelegate : Finished Spring Data repository scanning in 30 ms. Found 2 JPA repository interfaces.
2021-02-09 21:44:59.403  INFO 3121 --- [restartedMain] o.s.b.w.embedded.tomcat.TomcatWebServer  : Tomcat initialized with port(s): 8080 (http)
2021-02-09 21:44:59.404  INFO 3121 --- [restartedMain] o.apache.catalina.core.StandardService   : Starting service [Tomcat]
2021-02-09 21:44:59.405  INFO 3121 --- [restartedMain] org.apache.catalina.core.StandardEngine  : Starting Servlet engine: [Apache Tomcat/9.0.41]
2021-02-09 21:44:59.427  INFO 3121 --- [restartedMain] o.a.c.c.C.[Tomcat].[localhost].[/]       : Initializing Spring embedded WebApplicationContext
2021-02-09 21:44:59.427  INFO 3121 --- [restartedMain] w.s.c.ServletWebServerApplicationContext : Root WebApplicationContext: initialization completed in 1311 ms
2021-02-09 21:44:59.500  INFO 3121 --- [restartedMain] com.zaxxer.hikari.HikariDataSource       : HikariPool-3 - Starting...
2021-02-09 21:44:59.516  INFO 3121 --- [restartedMain] com.zaxxer.hikari.HikariDataSource       : HikariPool-3 - Start completed.
2021-02-09 21:44:59.516  INFO 3121 --- [restartedMain] o.s.b.a.h2.H2ConsoleAutoConfiguration    : H2 console available at '/h2-console'. Database available at 'jdbc:h2:mem:746548c4-c134-405e-b15c-10f49dfb2b14'
2021-02-09 21:44:59.644  INFO 3121 --- [restartedMain] o.hibernate.jpa.internal.util.LogHelper  : HHH000204: Processing PersistenceUnitInfo [name: default]
2021-02-09 21:44:59.652  INFO 3121 --- [restartedMain] org.hibernate.dialect.Dialect            : HHH000400: Using dialect: org.hibernate.dialect.H2Dialect
2021-02-09 21:44:59.810  INFO 3121 --- [restartedMain] o.h.e.t.j.p.i.JtaPlatformInitiator       : HHH000490: Using JtaPlatform implementation: [org.hibernate.engine.transaction.jta.platform.internal.NoJtaPlatform]
2021-02-09 21:44:59.811  INFO 3121 --- [restartedMain] j.LocalContainerEntityManagerFactoryBean : Initialized JPA EntityManagerFactory for persistence unit 'default'
2021-02-09 21:44:59.826  INFO 3121 --- [restartedMain] o.s.b.d.a.OptionalLiveReloadServer       : LiveReload server is running on port 35729
2021-02-09 21:45:00.217  WARN 3121 --- [restartedMain] JpaBaseConfiguration$JpaWebConfiguration : spring.jpa.open-in-view is enabled by default. Therefore, database queries may be performed during view rendering. Explicitly configure spring.jpa.open-in-view to disable this warning
2021-02-09 21:45:00.399  INFO 3121 --- [restartedMain] o.s.b.a.e.web.EndpointLinksResolver      : Exposing 14 endpoint(s) beneath base path '/actuator'
2021-02-09 21:45:00.658  INFO 3121 --- [restartedMain] o.s.s.concurrent.ThreadPoolTaskExecutor  : Initializing ExecutorService 'applicationTaskExecutor'
2021-02-09 21:45:00.793  INFO 3121 --- [restartedMain] o.s.s.c.ThreadPoolTaskScheduler          : Initializing ExecutorService 'taskScheduler'
2021-02-09 21:45:00.859  INFO 3121 --- [restartedMain] o.s.b.w.embedded.tomcat.TomcatWebServer  : Tomcat started on port(s): 8080 (http) with context path ''
2021-02-09 21:45:00.860  INFO 3121 --- [restartedMain] d.s.w.p.DocumentationPluginsBootstrapper : Context refreshed
2021-02-09 21:45:00.863  INFO 3121 --- [restartedMain] d.s.w.p.DocumentationPluginsBootstrapper : Found 1 custom documentation plugin(s)
2021-02-09 21:45:00.871  INFO 3121 --- [restartedMain] s.d.s.w.s.ApiListingReferenceScanner     : Scanning for api listing references
2021-02-09 21:45:00.975  INFO 3121 --- [restartedMain] .d.s.w.r.o.CachingOperationNameGenerator : Generating unique operation named: createUsingPOST_1
2021-02-09 21:45:00.984  INFO 3121 --- [restartedMain] .d.s.w.r.o.CachingOperationNameGenerator : Generating unique operation named: findUsingGET_1
2021-02-09 21:45:01.008  INFO 3121 --- [restartedMain] c.k.libraryapi.LibraryApiApplication     : Started LibraryApiApplication in 2.959 seconds (JVM running for 239.408)
2021-02-09 21:45:01.016  INFO 3121 --- [restartedMain] .ConditionEvaluationDeltaLoggingListener : Condition evaluation unchanged
2021-02-09 21:45:01.033  INFO 3121 --- [SpringContextShutdownHook] o.s.s.c.ThreadPoolTaskScheduler          : Shutting down ExecutorService 'taskScheduler'
2021-02-09 21:45:01.035  INFO 3121 --- [SpringContextShutdownHook] o.s.s.concurrent.ThreadPoolTaskExecutor  : Shutting down ExecutorService 'applicationTaskExecutor'
2021-02-09 21:45:01.037  INFO 3121 --- [SpringContextShutdownHook] j.LocalContainerEntityManagerFactoryBean : Closing JPA EntityManagerFactory for persistence unit 'default'
2021-02-09 21:45:01.038  INFO 3121 --- [SpringContextShutdownHook] .SchemaDropperImpl$DelayedDropActionImpl : HHH000477: Starting delayed evictData of schema as part of SessionFactory shut-down'
2021-02-09 21:45:01.248  WARN 3121 --- [SpringContextShutdownHook] o.s.b.f.support.DisposableBeanAdapter    : Invocation of destroy method failed on bean with name 'inMemoryDatabaseShutdownExecutor': org.h2.jdbc.JdbcSQLNonTransientConnectionException: Database is already closed (to disable automatic closing at VM shutdown, add ";DB_CLOSE_ON_EXIT=FALSE" to the db URL) [90121-200]
2021-02-09 21:45:01.249  INFO 3121 --- [SpringContextShutdownHook] com.zaxxer.hikari.HikariDataSource       : HikariPool-3 - Shutdown initiated...
2021-02-09 21:45:01.252  INFO 3121 --- [SpringContextShutdownHook] com.zaxxer.hikari.HikariDataSource       : HikariPool-3 - Shutdown completed.
2021-02-09 21:47:28.484  INFO 3142 --- [restartedMain] c.k.libraryapi.LibraryApiApplication     : Starting LibraryApiApplication using Java 1.8.0_251 on users-MBP with PID 3142 (/Users/user/Downloads/library-api/target/classes started by user in /Users/user/Downloads/library-api)
2021-02-09 21:47:28.494  INFO 3142 --- [restartedMain] c.k.libraryapi.LibraryApiApplication     : No active profile set, falling back to default profiles: default
2021-02-09 21:47:28.733  INFO 3142 --- [restartedMain] .e.DevToolsPropertyDefaultsPostProcessor : Devtools property defaults active! Set 'spring.devtools.add-properties' to 'false' to disable
2021-02-09 21:47:28.733  INFO 3142 --- [restartedMain] .e.DevToolsPropertyDefaultsPostProcessor : For additional web related logging consider setting the 'logging.level.web' property to 'DEBUG'
2021-02-09 21:47:32.390  INFO 3142 --- [restartedMain] .s.d.r.c.RepositoryConfigurationDelegate : Bootstrapping Spring Data JPA repositories in DEFAULT mode.
2021-02-09 21:47:32.583  INFO 3142 --- [restartedMain] .s.d.r.c.RepositoryConfigurationDelegate : Finished Spring Data repository scanning in 168 ms. Found 2 JPA repository interfaces.
2021-02-09 21:47:35.176  INFO 3142 --- [restartedMain] o.s.b.w.embedded.tomcat.TomcatWebServer  : Tomcat initialized with port(s): 8080 (http)
2021-02-09 21:47:35.276  INFO 3142 --- [restartedMain] o.apache.catalina.core.StandardService   : Starting service [Tomcat]
2021-02-09 21:47:35.277  INFO 3142 --- [restartedMain] org.apache.catalina.core.StandardEngine  : Starting Servlet engine: [Apache Tomcat/9.0.41]
2021-02-09 21:47:35.610  INFO 3142 --- [restartedMain] o.a.c.c.C.[Tomcat].[localhost].[/]       : Initializing Spring embedded WebApplicationContext
2021-02-09 21:47:35.610  INFO 3142 --- [restartedMain] w.s.c.ServletWebServerApplicationContext : Root WebApplicationContext: initialization completed in 6875 ms
2021-02-09 21:47:36.054  INFO 3142 --- [restartedMain] com.zaxxer.hikari.HikariDataSource       : HikariPool-1 - Starting...
2021-02-09 21:47:36.474  INFO 3142 --- [restartedMain] com.zaxxer.hikari.HikariDataSource       : HikariPool-1 - Start completed.
2021-02-09 21:47:36.489  INFO 3142 --- [restartedMain] o.s.b.a.h2.H2ConsoleAutoConfiguration    : H2 console available at '/h2-console'. Database available at 'jdbc:h2:mem:148a3016-d8b3-4071-a8c6-68eb8a605084'
2021-02-09 21:47:36.861  INFO 3142 --- [restartedMain] o.hibernate.jpa.internal.util.LogHelper  : HHH000204: Processing PersistenceUnitInfo [name: default]
2021-02-09 21:47:36.965  INFO 3142 --- [restartedMain] org.hibernate.Version                    : HHH000412: Hibernate ORM core version 5.4.25.Final
2021-02-09 21:47:37.228  INFO 3142 --- [restartedMain] o.hibernate.annotations.common.Version   : HCANN000001: Hibernate Commons Annotations {5.1.2.Final}
2021-02-09 21:47:37.495  INFO 3142 --- [restartedMain] org.hibernate.dialect.Dialect            : HHH000400: Using dialect: org.hibernate.dialect.H2Dialect
2021-02-09 21:47:39.065  INFO 3142 --- [restartedMain] o.h.e.t.j.p.i.JtaPlatformInitiator       : HHH000490: Using JtaPlatform implementation: [org.hibernate.engine.transaction.jta.platform.internal.NoJtaPlatform]
2021-02-09 21:47:39.081  INFO 3142 --- [restartedMain] j.LocalContainerEntityManagerFactoryBean : Initialized JPA EntityManagerFactory for persistence unit 'default'
2021-02-09 21:47:39.122  INFO 3142 --- [restartedMain] o.s.b.d.a.OptionalLiveReloadServer       : LiveReload server is running on port 35729
2021-02-09 21:47:41.276  WARN 3142 --- [restartedMain] JpaBaseConfiguration$JpaWebConfiguration : spring.jpa.open-in-view is enabled by default. Therefore, database queries may be performed during view rendering. Explicitly configure spring.jpa.open-in-view to disable this warning
2021-02-09 21:47:42.201  INFO 3142 --- [restartedMain] o.s.b.a.e.web.EndpointLinksResolver      : Exposing 14 endpoint(s) beneath base path '/actuator'
2021-02-09 21:47:42.502  INFO 3142 --- [restartedMain] o.s.s.concurrent.ThreadPoolTaskExecutor  : Initializing ExecutorService 'applicationTaskExecutor'
2021-02-09 21:47:42.989  INFO 3142 --- [restartedMain] o.s.s.c.ThreadPoolTaskScheduler          : Initializing ExecutorService 'taskScheduler'
2021-02-09 21:47:43.099  INFO 3142 --- [restartedMain] o.s.b.w.embedded.tomcat.TomcatWebServer  : Tomcat started on port(s): 8080 (http) with context path ''
2021-02-09 21:47:43.101  INFO 3142 --- [restartedMain] d.s.w.p.DocumentationPluginsBootstrapper : Context refreshed
2021-02-09 21:47:43.137  INFO 3142 --- [restartedMain] d.s.w.p.DocumentationPluginsBootstrapper : Found 1 custom documentation plugin(s)
2021-02-09 21:47:43.162  INFO 3142 --- [restartedMain] s.d.s.w.s.ApiListingReferenceScanner     : Scanning for api listing references
2021-02-09 21:47:43.542  INFO 3142 --- [restartedMain] .d.s.w.r.o.CachingOperationNameGenerator : Generating unique operation named: createUsingPOST_1
2021-02-09 21:47:43.556  INFO 3142 --- [restartedMain] .d.s.w.r.o.CachingOperationNameGenerator : Generating unique operation named: findUsingGET_1
2021-02-09 21:47:43.612  INFO 3142 --- [restartedMain] c.k.libraryapi.LibraryApiApplication     : Started LibraryApiApplication in 15.954 seconds (JVM running for 16.967)
2021-02-09 21:47:47.715  INFO 3142 --- [http-nio-8080-exec-1] o.a.c.c.C.[Tomcat].[localhost].[/]       : Initializing Spring DispatcherServlet 'dispatcherServlet'
2021-02-09 21:47:47.716  INFO 3142 --- [http-nio-8080-exec-1] o.s.web.servlet.DispatcherServlet        : Initializing Servlet 'dispatcherServlet'
2021-02-09 21:47:47.723  INFO 3142 --- [http-nio-8080-exec-1] o.s.web.servlet.DispatcherServlet        : Completed initialization in 6 ms
2021-02-09 21:48:38.993  INFO 3142 --- [http-nio-8080-exec-2] c.k.l.api.resource.BookController        : creating a book for isbn string
2021-02-09 21:49:19.244  INFO 3142 --- [http-nio-8080-exec-9] c.k.l.api.resource.BookController        : Getting details for book id 1
2021-02-09 21:50:08.433  INFO 3142 --- [SpringContextShutdownHook] o.s.s.c.ThreadPoolTaskScheduler          : Shutting down ExecutorService 'taskScheduler'
2021-02-09 21:50:08.436  INFO 3142 --- [SpringContextShutdownHook] o.s.s.concurrent.ThreadPoolTaskExecutor  : Shutting down ExecutorService 'applicationTaskExecutor'
2021-02-09 21:50:08.447  INFO 3142 --- [SpringContextShutdownHook] j.LocalContainerEntityManagerFactoryBean : Closing JPA EntityManagerFactory for persistence unit 'default'
2021-02-09 21:50:08.448  INFO 3142 --- [SpringContextShutdownHook] .SchemaDropperImpl$DelayedDropActionImpl : HHH000477: Starting delayed evictData of schema as part of SessionFactory shut-down'
2021-02-09 21:50:08.691  WARN 3142 --- [SpringContextShutdownHook] o.s.b.f.support.DisposableBeanAdapter    : Invocation of destroy method failed on bean with name 'inMemoryDatabaseShutdownExecutor': org.h2.jdbc.JdbcSQLNonTransientConnectionException: Database is already closed (to disable automatic closing at VM shutdown, add ";DB_CLOSE_ON_EXIT=FALSE" to the db URL) [90121-200]
2021-02-09 21:50:08.693  INFO 3142 --- [SpringContextShutdownHook] com.zaxxer.hikari.HikariDataSource       : HikariPool-1 - Shutdown initiated...
2021-02-09 21:50:08.699  INFO 3142 --- [SpringContextShutdownHook] com.zaxxer.hikari.HikariDataSource       : HikariPool-1 - Shutdown completed.
